0 info it worked if it ends with ok
1 verbose cli [ 'C:\\Program Files\\nodejs\\node.exe',
1 verbose cli   'C:\\Program Files\\nodejs\\node_modules\\npm\\bin\\npm-cli.js',
1 verbose cli   'run',
1 verbose cli   'compile' ]
2 info using npm@3.10.10
3 info using node@v6.10.2
4 verbose run-script [ 'precompile', 'compile', 'postcompile' ]
5 info lifecycle vscode-goto-documentation@0.0.1~precompile: vscode-goto-documentation@0.0.1
6 silly lifecycle vscode-goto-documentation@0.0.1~precompile: no script for precompile, continuing
7 info lifecycle vscode-goto-documentation@0.0.1~compile: vscode-goto-documentation@0.0.1
8 verbose lifecycle vscode-goto-documentation@0.0.1~compile: unsafe-perm in lifecycle true
9 verbose lifecycle vscode-goto-documentation@0.0.1~compile: PATH: C:\Program Files\nodejs\node_modules\npm\bin\node-gyp-bin;C:\dev\vscode\vscode-goto-documentation\node_modules\.bin;C:\Windows\system32;C:\Windows;C:\Windows\System32\Wbem;C:\Windows\System32\WindowsPowerShell\v1.0\;C:\Users\cxf\.dnx\bin;C:\Program Files\Microsoft DNX\Dnvm\;C:\Program Files\Microsoft SQL Server\130\Tools\Binn\;C:\Go\bin;C:\Program Files (x86)\cmder\vendor\git-for-windows\bin;C:\Vagrant\bin;C:\Program Files\dotnet\;C:\Program Files\nodejs\;C:\dev-tools\php-7.1.3-nts-Win32-VC14-x86;C:\Users\cxf\AppData\Local\Microsoft\WindowsApps;;C:\Program Files (x86)\Microsoft VS Code\bin;C:\Users\cxf\AppData\Roaming\npm
10 verbose lifecycle vscode-goto-documentation@0.0.1~compile: CWD: C:\dev\vscode\vscode-goto-documentation
11 silly lifecycle vscode-goto-documentation@0.0.1~compile: Args: [ '/d /s /c', 'tsc -watch -p ./' ]
12 silly lifecycle vscode-goto-documentation@0.0.1~compile: Returned: code: 3221225786  signal: null
13 info lifecycle vscode-goto-documentation@0.0.1~compile: Failed to exec compile script
14 verbose stack Error: vscode-goto-documentation@0.0.1 compile: `tsc -watch -p ./`
14 verbose stack Exit status 3221225786
14 verbose stack     at EventEmitter.<anonymous> (C:\Program Files\nodejs\node_modules\npm\lib\utils\lifecycle.js:255:16)
14 verbose stack     at emitTwo (events.js:106:13)
14 verbose stack     at EventEmitter.emit (events.js:191:7)
14 verbose stack     at ChildProcess.<anonymous> (C:\Program Files\nodejs\node_modules\npm\lib\utils\spawn.js:40:14)
14 verbose stack     at emitTwo (events.js:106:13)
14 verbose stack     at ChildProcess.emit (events.js:191:7)
14 verbose stack     at maybeClose (internal/child_process.js:886:16)
14 verbose stack     at Process.ChildProcess._handle.onexit (internal/child_process.js:226:5)
15 verbose pkgid vscode-goto-documentation@0.0.1
16 verbose cwd C:\dev\vscode\vscode-goto-documentation
17 error Windows_NT 10.0.14393
18 error argv "C:\\Program Files\\nodejs\\node.exe" "C:\\Program Files\\nodejs\\node_modules\\npm\\bin\\npm-cli.js" "run" "compile"
19 error node v6.10.2
20 error npm  v3.10.10
21 error code ELIFECYCLE
22 error vscode-goto-documentation@0.0.1 compile: `tsc -watch -p ./`
22 error Exit status 3221225786
23 error Failed at the vscode-goto-documentation@0.0.1 compile script 'tsc -watch -p ./'.
23 error Make sure you have the latest version of node.js and npm installed.
23 error If you do, this is most likely a problem with the vscode-goto-documentation package,
23 error not with npm itself.
23 error Tell the author that this fails on your system:
23 error     tsc -watch -p ./
23 error You can get information on how to open an issue for this project with:
23 error     npm bugs vscode-goto-documentation
23 error Or if that isn't available, you can get their info via:
23 error     npm owner ls vscode-goto-documentation
23 error There is likely additional logging output above.
24 verbose exit [ 1, true ]
